{"C:\\Users\\milas\\OneDrive\\Рабочий стол\\Учеба\\ajs-50\\Unit-test2\\src\\js\\app.js": {"path":"C:\\Users\\milas\\OneDrive\\Рабочий стол\\Учеба\\ajs-50\\Unit-test2\\src\\js\\app.js","statementMap":{"0":{"start":{"line":2,"column":16},"end":{"line":2,"column":24}},"1":{"start":{"line":3,"column":4},"end":{"line":3,"column":75}},"2":{"start":{"line":3,"column":46},"end":{"line":3,"column":73}}},"fnMap":{"0":{"name":"sorting","decl":{"start":{"line":1,"column":24},"end":{"line":1,"column":31}},"loc":{"start":{"line":1,"column":41},"end":{"line":4,"column":3}},"line":1},"1":{"name":"(anonymous_1)","decl":{"start":{"line":3,"column":24},"end":{"line":3,"column":25}},"loc":{"start":{"line":3,"column":46},"end":{"line":3,"column":73}},"line":3}},"branchMap":{},"s":{"0":1,"1":1,"2":4},"f":{"0":1,"1":4},"b":{},"_coverageSchema":"1a1c01bbd47fc00a2c39e90264f33305004495a9","hash":"fa71735ba7302883f48041efed59411ee1324dce"}
}
